g:\softwarepattens\c-test\pattens\debug\pattens.pch
g:\softwarepattens\c-test\pattens\debug\stdafx.obj
g:\softwarepattens\c-test\pattens\debug\vc120.pdb
g:\softwarepattens\c-test\pattens\debug\abstractundosupport.obj
g:\softwarepattens\c-test\pattens\debug\addobserveredit.obj
g:\softwarepattens\c-test\pattens\debug\compoundedit.obj
g:\softwarepattens\c-test\pattens\debug\deleteobserveredit.obj
g:\softwarepattens\c-test\pattens\debug\entry.obj
g:\softwarepattens\c-test\pattens\debug\observable.obj
g:\softwarepattens\c-test\pattens\debug\observer.obj
g:\softwarepattens\c-test\pattens\debug\pattens.obj
g:\softwarepattens\c-test\pattens\debug\setcontentedit.obj
g:\softwarepattens\c-test\pattens\debug\undoedit.obj
g:\softwarepattens\c-test\pattens\debug\undomanager.obj
g:\softwarepattens\c-test\pattens\debug\undosupport.obj
g:\softwarepattens\c-test\pattens\debug\updateedit.obj
g:\softwarepattens\c-test\pattens\debug\entrycontainer.obj
g:\softwarepattens\c-test\pattens\debug\createobserveredit.obj
g:\softwarepattens\c-test\pattens\debug\eraseentryedit.obj
g:\softwarepattens\c-test\pattens\debug\createentryedit.obj
g:\softwarepattens\c-test\debug\pattens.ilk
g:\softwarepattens\c-test\debug\pattens.exe
g:\softwarepattens\c-test\debug\pattens.pdb
g:\softwarepattens\c-test\pattens\debug\vc120.idb
g:\softwarepattens\c-test\pattens\debug\pattens.tlog\cl.command.1.tlog
g:\softwarepattens\c-test\pattens\debug\pattens.tlog\cl.read.1.tlog
g:\softwarepattens\c-test\pattens\debug\pattens.tlog\cl.write.1.tlog
g:\softwarepattens\c-test\pattens\debug\pattens.tlog\link.command.1.tlog
g:\softwarepattens\c-test\pattens\debug\pattens.tlog\link.read.1.tlog
g:\softwarepattens\c-test\pattens\debug\pattens.tlog\link.write.1.tlog
